"../../../Engine/Content/EditorResources/S_Actor.uasset" 0
"../../../Engine/Content/EngineResources/AICON-Red.uasset" 1
"../../../Engine/Content/EngineResources/AICON-Green.uasset" 2
"../../../Engine/Content/Functions/Engine_MaterialFunctions01/Shading/PowerToRoughness.uasset" 3
"../../../Engine/Content/Functions/Engine_MaterialFunctions01/Shading/ConvertFromDiffSpec.uasset" 4
"../../../Engine/Content/EngineMaterials/DefaultDiffuse.uasset" 5
"../../../Engine/Content/EngineMaterials/DefaultDeferredDecalMaterial.uasset" 6
"../../../Engine/Content/EngineMaterials/DefaultLightFunctionMaterial.uasset" 7
"../../../Engine/Content/Functions/Engine_MaterialFunctions02/Utility/BreakOutFloat2Components.uasset" 8
"../../../Engine/Content/EngineMaterials/DefaultPostProcessMaterial.uasset" 9
"../../../Engine/Content/EngineResources/DefaultTexture.uasset" 10
"../../../Engine/Content/Functions/Engine_MaterialFunctions01/Texturing/ScaleUVsByCenter.uasset" 11
"../../../Engine/Content/Functions/Engine_MaterialFunctions02/ScreenResolution.uasset" 12
"../../../Engine/Content/Functions/Engine_MaterialFunctions02/Texturing/ScreenAlignedUVs.uasset" 13
"../../../Engine/Content/EngineResources/WhiteSquareTexture.uasset" 14
"../../../Engine/Content/EngineMaterials/Widget3DPassThrough.uasset" 15
"../../../Engine/Content/EngineMaterials/Widget3DPassThrough_Translucent.uasset" 16
"../../../Engine/Content/EngineMaterials/Widget3DPassThrough_Translucent_OneSided.uasset" 17
"../../../Engine/Content/EngineMaterials/Widget3DPassThrough_Opaque.uasset" 18
"../../../Engine/Content/EngineMaterials/Widget3DPassThrough_Opaque_OneSided.uasset" 19
"../../../Engine/Content/EngineMaterials/Widget3DPassThrough_Masked.uasset" 20
"../../../Engine/Content/EngineMaterials/Widget3DPassThrough_Masked_OneSided.uasset" 21
"../../../Engine/Content/Maps/Templates/Thumbnails/Default.uasset" 22
"../../../Engine/Content/Maps/Templates/Thumbnails/VR-Basic.uasset" 23
"../../../Engine/Content/EditorMaterials/ParticleSystems/PSysThumbnail_NoImage.uasset" 24
"../../../Engine/Content/EditorMaterials/ParticleSystems/PSysThumbnail_OOD.uasset" 25
"../../../Engine/Content/EditorLandscapeResources/DataLayer.uasset" 26
"../../../Engine/Content/EngineDamageTypes/DmgTypeBP_Environmental.uasset" 27
"../../../Engine/Content/EngineMeshes/Sphere.uasset" 28
"../../../Engine/Content/EngineFonts/RobotoDistanceField.uasset" 29
"../../../Engine/Content/EngineMaterials/DefaultTextMaterialOpaque.uasset" 30
"../../../Engine/Content/EditorResources/S_Trigger.uasset" 31
"../../../Engine/Content/EngineResources/GradientTexture0.uasset" 32
"../../../Engine/Content/EngineResources/Black.uasset" 33
"../../../Engine/Content/EditorMaterials/MatineeGroups/MAT_Groups_Float.uasset" 34
"../../../Engine/Content/EditorMaterials/MatineeGroups/MAT_Groups_Director.uasset" 35
"../../../Engine/Content/EditorMaterials/MatineeGroups/MAT_Groups_Event.uasset" 36
"../../../Engine/Content/EditorMaterials/MatineeGroups/MAT_Groups_Anim.uasset" 37
"../../../Engine/Content/EditorMaterials/MatineeGroups/MAT_Groups_Fade.uasset" 38
"../../../Engine/Content/EditorMaterials/MatineeGroups/MAT_Groups_Move.uasset" 39
"../../../Engine/Content/EditorMaterials/MatineeGroups/MAT_Groups_Slomo.uasset" 40
"../../../Engine/Content/EditorMaterials/MatineeGroups/MAT_ColorTrack.uasset" 41
"../../../Engine/Content/EditorMaterials/MAT_Groups_Toggle.uasset" 42
"../../../Engine/Content/EditorMaterials/MatineeGroups/MAT_Groups_AudioMaster.uasset" 43
"../../../Engine/Content/EditorMaterials/MatineeGroups/MAT_Groups_Sound.uasset" 44
"../../../Engine/Content/EditorMaterials/MatineeGroups/MAT_Groups_Vector.uasset" 45
"../../../Engine/Content/EditorMaterials/MAT_Groups_Visibility.uasset" 46
"../../../Engine/Content/EngineResources/DefaultTextureCube.uasset" 47
"../../../Engine/Content/Functions/Engine_MaterialFunctions01/Opacity/CameraDepthFade.uasset" 48
"../../../Engine/Content/EngineMaterials/T_Default_Material_Grid_M.uasset" 49
"../../../Engine/Content/EngineMaterials/T_Default_Material_Grid_N.uasset" 50
"../../../Engine/Content/EngineMaterials/DefaultMaterial.uasset" 51
"../../../Engine/Content/EngineMeshes/Cylinder.uasset" 52
"../../../Engine/Content/EngineTireTypes/DefaultTireType.uasset" 53
"../../../Engine/Content/EditorMaterials/Camera/CineMat.uasset" 54
"../../../Engine/Content/EditorMaterials/Camera/MI_CineMat_Rig.uasset" 55
"../../../Engine/Content/EditorMeshes/Camera/SM_CraneRig_Base.uasset" 56
"../../../Engine/Content/EditorMeshes/Camera/SM_CraneRig_Arm.uasset" 57
"../../../Engine/Content/EditorMeshes/Camera/SM_CraneRig_Mount.uasset" 58
"../../../Engine/Content/EditorMeshes/Camera/SM_CraneRig_Body.uasset" 59
"../../../Engine/Content/EditorMeshes/Camera/SM_RailRig_Track.uasset" 60
"../../../Engine/Content/EditorMeshes/Camera/SM_RailRig_Mount.uasset" 61
"../../../Engine/Content/VREditor/LaserPointer/VR_LaserPower_01.uasset" 62
"../../../Engine/Content/VREditor/TransformGizmo/TransformGizmoMaterial.uasset" 63
"../../../Engine/Content/VREditor/TransformGizmo/TranslucentTransformGizmoMaterial.uasset" 64
"../../../Engine/Content/VREditor/TransformGizmo/TranslationHandle.uasset" 65
"../../../Engine/Content/VREditor/TransformGizmo/PlaneTranslationHandle.uasset" 66
"../../../Engine/Content/VREditor/TransformGizmo/RotationHandle.uasset" 67
"../../../Engine/Content/VREditor/TransformGizmo/StretchingHandle.uasset" 68
"../../../Engine/Content/VREditor/TransformGizmo/BoundingBoxCorner.uasset" 69
"../../../Engine/Content/VREditor/TransformGizmo/BoundingBoxEdge.uasset" 70
"../../../Engine/Content/VREditor/TransformGizmo/UniformScaleHandle.uasset" 71
"../../../Engine/Content/VREditor/FloatingText/LineMaterial.uasset" 72
"../../../Engine/Content/VREditor/FloatingText/LineSegmentCylinder.uasset" 73
"../../../Engine/Content/VREditor/FloatingText/JointSphere.uasset" 74
"../../../Engine/Content/VREditor/Fonts/VRText_RobotoLarge.uasset" 75
"../../../Engine/Content/VREditor/Fonts/VRTextMaterial.uasset" 76
"../../../Engine/Content/VREditor/Fonts/TranslucentVRTextMaterial.uasset" 77
"../../../Engine/Content/VREditor/UI/SelectionBarMesh.uasset" 78
"../../../Engine/Content/VREditor/UI/CloseButtonMesh.uasset" 79
"../../../Engine/Content/Tutorial/Basics/TutorialAssets/icon_tab_Levels_40x.uasset" 80
"../../../Engine/Content/Tutorial/BlueprintTutorials/TutorialAssets/Blueprint_64x.uasset" 81
"../../../Engine/Content/Tutorial/ContentIntroCurve.uasset" 82
"../../../Engine/Plugins/2D/Paper2D/Content/PlaceholderTextures/DummySpriteTexture.uasset" 83
"../../../Engine/Plugins/2D/Paper2D/Content/DefaultSpriteMaterial.uasset" 84
"../../../Engine/Plugins/2D/Paper2D/Content/MaskedUnlitSpriteMaterial.uasset" 85
"../../../Engine/Plugins/2D/Paper2D/Content/OpaqueUnlitSpriteMaterial.uasset" 86
"../../../Engine/Plugins/2D/Paper2D/Content/DummySprite.uasset" 87
"../../../Engine/Plugins/2D/Paper2D/Content/DefaultPaperTerrainMaterial.uasset" 88
"../../../Engine/Content/EngineMaterials/RemoveSurfaceMaterial.uasset" 89
"../../../Engine/Content/EngineDebugMaterials/DebugMeshMaterial.uasset" 90
"../../../Engine/Content/EngineMaterials/InvalidLightmapSettings.uasset" 91
"../../../Engine/Content/EngineMaterials/M_InvalidLightmapSettings.uasset" 92
"../../../Engine/Content/EditorMaterials/GizmoMaterial.uasset" 93
"../../../Engine/Content/EngineMaterials/Good64x64TilingNoiseHighFreq.uasset" 94
"../../../Engine/Content/EngineMaterials/DefaultBokeh.uasset" 95
"../../../Engine/Content/EngineMaterials/PreintegratedSkinBRDF.uasset" 96
"../../../Engine/Content/EngineMaterials/MiniFont.uasset" 97
"../../../Engine/Content/EngineMaterials/WeightMapPlaceholderTexture.uasset" 98
"../../../Engine/Content/EngineMaterials/DefaultWhiteGrid.uasset" 99
"../../../Engine/Content/EngineFonts/RobotoTiny.uasset" 100
"../../../Engine/Content/EditorSounds/Notifications/CompileSuccess.uasset" 101
"../../../Engine/Content/EditorSounds/Notifications/CompileStart_Cue.uasset" 102
"../../../Engine/Content/EditorSounds/Notifications/CompileSuccess_Cue.uasset" 103
"../../../Engine/Content/EditorSounds/Notifications/CompileFailed.uasset" 104
"../../../Engine/Content/EditorSounds/Notifications/CompileFailed_Cue.uasset" 105
"../../../Engine/Content/MobileResources/HUD/MobileHUDDirectionPad2.uasset" 106
"../../../Engine/Content/MobileResources/HUD/MobileHUDDirectionStick.uasset" 107
"../../../Engine/Content/MobileResources/HUD/MobileHUDButton1_off.uasset" 108
"../../../Engine/Content/MobileResources/HUD/MobileHUDDirectionPad.uasset" 109
"../../../Engine/Content/EditorResources/LightIcons/S_LightError.uasset" 110
"../../../Engine/Content/MobileResources/HUD/MobileHUDButton2_on.uasset" 111
"../../../Engine/Content/MobileResources/HUD/MobileHUDButtonFire.uasset" 112
"../../../Engine/Content/MobileResources/HUD/MobileHUDButton3.uasset" 113
"../../../Engine/Content/EditorResources/AudioIcons/S_AudioComponent_AutoActivate.uasset" 114
"../../../Engine/Content/EditorResources/EmptyActor.uasset" 115
"../../../DayStrife/Content/TopDownCity/Nature/Textures/Ground5_nmp.uasset" 116
"../../../DayStrife/Content/TopDownCity/Nature/Textures/Waterfake2.uasset" 117
"../../../Engine/Content/MobileResources/T_MobileControls_texture.uasset" 118
"../../../Engine/Content/MobileResources/HUD/VirtualJoystick_Background.uasset" 119
"../../../Engine/Content/MobileResources/HUD/VirtualJoystick_Thumb.uasset" 120
"../../../Engine/Content/MobileResources/HUD/DefaultVirtualJoysticks.uasset" 121
"../../../Engine/Content/MobileResources/HUD/LeftVirtualJoystickOnly.uasset" 122
"../../../Engine/Content/MobileResources/HUD/MobileHUDButton2_off.uasset" 123
"../../../Engine/Content/MobileResources/HUD/T_Castle_ThumbstickInner.uasset" 124
"../../../Engine/Content/MobileResources/HUD/MobileHUDDirectionPad3.uasset" 125
"../../../DayStrife/Content/TopDownCity/Nature/Textures/Dirt_water1_nmp.uasset" 126
"../../../Engine/Content/MobileResources/HUD/MobileHUDButton1_on.uasset" 127
"../../../Engine/Content/MobileResources/T_MobileMenu2.uasset" 128
"../../../Engine/Content/EditorBlueprintResources/StandardMacros.uasset" 129
"../../../DayStrife/Content/QualityMenu/Blueprints/util/GameSettingsInterface.uasset" 130
"../../../DayStrife/Content/QualityMenu/Blueprints/Util/GlobalPostProcessInterface.uasset" 131
"../../../DayStrife/Content/QualityMenu/Blueprints/util/AudioType.uasset" 132
"../../../DayStrife/Content/QualityMenu/Blueprints/util/AudioUpdateStruct.uasset" 133
"../../../DayStrife/Content/QualityMenu/Blueprints/GameSettings.uasset" 134
"../../../DayStrife/Content/QualityMenu/Blueprints/util/GameSettingsMacros.uasset" 135
"../../../DayStrife/Content/QualityMenu/Blueprints/util/GameInstanceWithSettings.uasset" 136
"../../../Engine/Content/BasicShapes/Cone.uasset" 137
"../../../Engine/Content/BasicShapes/Cylinder.uasset" 138
"../../../Engine/Content/BasicShapes/Sphere.uasset" 139
"../../../Engine/Content/EditorMaterials/PhAT_JointLimitMaterial.uasset" 140
"../../../Engine/Content/EditorMaterials/PreviewShadowIndicator.uasset" 141
"../../../Engine/Content/EditorMaterials/PreviewShadowIndicatorMaterial.uasset" 142
"../../../Engine/Content/EditorMeshes/ColorCalibrator/M_ChromeBall.uasset" 143
"../../../Engine/Content/EditorMeshes/ColorCalibrator/M_ClearCoat.uasset" 144
"../../../Engine/Content/EditorMeshes/ColorCalibrator/M_ClearCoatBlack.uasset" 145
"../../../Engine/Content/EditorMeshes/ColorCalibrator/T_ColorGrid.uasset" 146
"../../../Engine/Content/EditorMeshes/ColorCalibrator/M_ColorGrid.uasset" 147
"../../../Engine/Content/EditorMeshes/ColorCalibrator/M_GreyBall.uasset" 148
"../../../Engine/Content/EditorMeshes/ColorCalibrator/SM_ColorCalibrator.uasset" 149
"../../../Engine/Content/EditorResources/BSPVertex.uasset" 150
"../../../Engine/Content/EngineDebugMaterials/HeatmapGradient.uasset" 151
"../../../Engine/Content/EngineDebugMaterials/BoneWeightMaterial.uasset" 152
"../../../Engine/Content/EngineDebugMaterials/GeomMaterial.uasset" 153
"../../../Engine/Content/EngineMaterials/EditorBrushMaterial.uasset" 154
"../../../Engine/Content/EngineMeshes/Cube.uasset" 155
"../../../Engine/Content/Functions/Engine_MaterialFunctions01/AlphaBlend/WorldAlignedBlend.uasset" 156
"../../../Engine/Content/MobileResources/HUD/T_Castle_ThumbstickOutter.uasset" 157
"../../../Engine/Content/Tutorial/BlueprintTutorials/TutorialAssets/BlueprintInterface_64x.uasset" 158
"../../../Engine/Content/Tutorial/BlueprintTutorials/TutorialAssets/BlueprintMacroLibrary_64x.uasset" 159
"../../../Engine/Content/Tutorial/BlueprintTutorials/TutorialAssets/Tutorial_BP_Interface.uasset" 160
"../../../Engine/Content/Tutorial/Foliage/TutorialAssets/Foliage.uasset" 161
"../../../Engine/Content/Tutorial/Landscape/TutorialAssets/Landscape.uasset" 162
"../../../Engine/Content/Tutorial/Paper2D/TutorialAssets/Paper2DFlipbook_TutorialIcon.uasset" 163
"../../../Engine/Content/Tutorial/Paper2D/TutorialAssets/Paper2DSprite_TutorialIcon.uasset" 164
"../../../Engine/Content/Tutorial/SubEditors/TutorialAssets/icon_Editor_Preferences_General_40x.uasset" 165
"../../../Engine/Content/Tutorial/SubEditors/TutorialAssets/icon_ShowSkeletalMeshes_40x.uasset" 166
"../../../Engine/Content/Tutorial/SubEditors/TutorialAssets/TutorialMaterial.uasset" 167
"../../../Engine/Content/Tutorial/SubEditors/TutorialAssets/T_SmokeSubUV_8X8.uasset" 168
"../../../Engine/Content/Tutorial/SubEditors/TutorialAssets/T_soft_smoke.uasset" 169
"../../../Engine/Content/Tutorial/SubEditors/TutorialAssets/M_smoke_subUV_blackbody.uasset" 170
"../../../Engine/Content/Tutorial/SubEditors/TutorialAssets/TutorialParticleSystem.uasset" 171
"../../../Engine/Content/EngineMaterials/WorldGridMaterial.uasset" 172
"../../../Engine/Content/EditorMeshes/EditorCube.uasset" 173
"../../../Engine/Content/Tutorial/SubEditors/TutorialAssets/Tutorial_DM.uasset" 174
"../../../DayStrife/Content/Audio/Collapse_Cue.uasset" 175
"../../../DayStrife/Content/Audio/Explosion_Cue.uasset" 176
"../../../DayStrife/Content/Audio/Fire01_Cue.uasset" 177
"../../../DayStrife/Content/Audio/Starter_Music_Cue.uasset" 178
"../../../DayStrife/Content/Geometry/Meshes/CubeMaterial.uasset" 179
"../../../DayStrife/Content/Geometry/Meshes/1M_Cube_Chamfer.uasset" 180
"../../../DayStrife/Content/Geometry/Meshes/TemplateFloor.uasset" 181
"../../../DayStrife/Content/Mannequin/Character/Mesh/UE4_Mannequin_Skeleton.uasset" 182
"../../../DayStrife/Content/Mannequin/Animations/ThirdPersonJump_End.uasset" 183
"../../../DayStrife/Content/QualityMenu/Blueprints/util/AudioMasterControl.uasset" 184
"../../../DayStrife/Content/QualityMenu/Blueprints/AudioAmbientControl.uasset" 185
"../../../DayStrife/Content/QualityMenu/Blueprints/AudioEffectControl.uasset" 186
"../../../DayStrife/Content/QualityMenu/Blueprints/AudioMusicControl.uasset" 187
"../../../DayStrife/Content/QualityMenu/Blueprints/AudioVoiceControl.uasset" 188
"../../../Engine/Content/EngineFonts/Roboto.uasset" 189
"../../../DayStrife/Content/QualityMenu/HUD_UMG_Classic/Textures/editBoxBorder.uasset" 190
"../../../DayStrife/Content/QualityMenu/HUD_UMG_Classic/ClassicSettingsMenuToolTip.uasset" 191
"../../../DayStrife/Content/QualityMenu/HUD_UMG_Classic/ClassicSettingsMenuAudioConfig.uasset" 192
"../../../DayStrife/Content/QualityMenu/HUD_UMG_Classic/Textures/checkBoxChecked.uasset" 193
"../../../DayStrife/Content/QualityMenu/HUD_UMG_Classic/Textures/checkBoxUnchecked.uasset" 194
"../../../DayStrife/Content/QualityMenu/HUD_UMG_Classic/Textures/checkBoxUndetermined.uasset" 195
"../../../DayStrife/Content/QualityMenu/HUD_UMG_Classic/ClassicSettingsMenuMouseConfig.uasset" 196
"../../../DayStrife/Content/QualityMenu/HUD_UMG_Classic/Textures/buttonDown.uasset" 197
"../../../DayStrife/Content/QualityMenu/HUD_UMG_Classic/Textures/buttonUp.uasset" 198
"../../../DayStrife/Content/QualityMenu/HUD_UMG_Classic/Textures/radioBoxChecked.uasset" 199
"../../../DayStrife/Content/QualityMenu/HUD_UMG_Classic/Textures/radioBoxUnchecked.uasset" 200
"../../../DayStrife/Content/QualityMenu/HUD_UMG_Classic/Textures/radioBoxUndetermined.uasset" 201
"../../../DayStrife/Content/QualityMenu/HUD_UMG_Classic/ClassicSettingsMenuMyCustomConfig.uasset" 202
"../../../DayStrife/Content/QualityMenu/Blueprints/Util/VideoResolution.uasset" 203
"../../../DayStrife/Content/QualityMenu/HUD_UMG_Classic/ClassicSettingsMenuVideoConfig.uasset" 204
"../../../DayStrife/Content/QualityMenu/HUD_UMG_Classic/Textures/metalPane.uasset" 205
"../../../DayStrife/Content/QualityMenu/HUD_UMG_Classic/Textures/metalPaneSide.uasset" 206
"../../../DayStrife/Content/QualityMenu/HUD_UMG_Classic/Textures/metalPaneTop.uasset" 207
"../../../DayStrife/Content/QualityMenu/HUD_UMG_Classic/ClassicSettingsMenuMain.uasset" 208
"../../../DayStrife/Content/QualityMenu/Blueprints/ExampleCharacterWithMenu.uasset" 209
"../../../DayStrife/Content/QualityMenu/HUD_UMG_Classic/Textures/white.uasset" 210
"../../../DayStrife/Content/TopDownCity/Deco/Human_scale.uasset" 211
"../../../DayStrife/Content/TopDownCity/Deco/Textures/Signboards.uasset" 212
"../../../DayStrife/Content/TopDownCity/Deco/Textures/Signboards_nmp.uasset" 213
"../../../DayStrife/Content/TopDownCity/Deco/Materials/M_Sign.uasset" 214
"../../../DayStrife/Content/TopDownCity/Shared/Textures/Houses1.uasset" 215
"../../../DayStrife/Content/TopDownCity/Shared/Textures/Houses1_glow.uasset" 216
"../../../DayStrife/Content/TopDownCity/Shared/Textures/Houses1_nmp.uasset" 217
"../../../DayStrife/Content/TopDownCity/Shared/Textures/Houses1Metalness.uasset" 218
"../../../DayStrife/Content/TopDownCity/Shared/Materials/M_Houses1.uasset" 219
"../../../DayStrife/Content/TopDownCity/Deco/Signboard1.uasset" 220
"../../../DayStrife/Content/TopDownCity/Deco/Signboard10.uasset" 221
"../../../DayStrife/Content/TopDownCity/Deco/Signboard11.uasset" 222
"../../../DayStrife/Content/TopDownCity/Deco/Signboard12.uasset" 223
"../../../DayStrife/Content/TopDownCity/Deco/Signboard13.uasset" 224
"../../../DayStrife/Content/TopDownCity/Deco/Signboard14.uasset" 225
"../../../DayStrife/Content/TopDownCity/Deco/Signboard15.uasset" 226
"../../../DayStrife/Content/TopDownCity/Deco/Signboard16.uasset" 227
"../../../DayStrife/Content/TopDownCity/Deco/Signboard2.uasset" 228
"../../../DayStrife/Content/TopDownCity/Deco/Signboard4.uasset" 229
"../../../DayStrife/Content/TopDownCity/Deco/Signboard5.uasset" 230
"../../../DayStrife/Content/TopDownCity/Deco/Signboard7.uasset" 231
"../../../DayStrife/Content/TopDownCity/Deco/Signboard8.uasset" 232
"../../../DayStrife/Content/TopDownCity/Deco/Signboard9.uasset" 233
"../../../DayStrife/Content/TopDownCity/Nature/Road_LayerInfo.uasset" 234
"../../../DayStrife/Content/TopDownCity/Nature/Textures/Ground2.uasset" 235
"../../../DayStrife/Content/TopDownCity/Nature/Textures/Ground2_nmp.uasset" 236
"../../../DayStrife/Content/TopDownCity/Nature/Materials/M_Dirt.uasset" 237
"../../../Engine/Content/Functions/Engine_MaterialFunctions01/Gradient/LinearGradient.uasset" 238
"../../../Engine/Content/Functions/Engine_MaterialFunctions01/ImageAdjustment/CheapContrast.uasset" 239
"../../../Engine/Content/Functions/Engine_MaterialFunctions01/Texturing/WorldAlignedTexture.uasset" 240
"../../../DayStrife/Content/TopDownCity/Nature/Textures/Ground3.uasset" 241
"../../../DayStrife/Content/TopDownCity/Nature/Textures/Ground3_nmp.uasset" 242
"../../../DayStrife/Content/TopDownCity/Nature/Textures/Rocks.uasset" 243
"../../../DayStrife/Content/TopDownCity/Nature/Textures/Rocks_N.uasset" 244
"../../../DayStrife/Content/TopDownCity/Nature/Materials/M_Rocks2.uasset" 245
"../../../DayStrife/Content/TopDownCity/Nature/Textures/Ground5.uasset" 246
"../../../DayStrife/Content/UMG/3DProgressBar.uasset" 247
"../../../DayStrife/Content/UMG/BuildMenu.uasset" 248
"../../../DayStrife/Content/Blueprints/Controllers/BuildingInterface.uasset" 249
"../../../Engine/Content/EngineDebugMaterials/VertexColorViewMode_GreenOnly.uasset" 250
"../../../DayStrife/Content/Materials/Mat_Glass.uasset" 251
"../../../DayStrife/Content/Blueprints/Buildings/BuildingsEnum.uasset" 252
"../../../DayStrife/Content/Blueprints/Buildings/BaseBuilding.uasset" 253
"../../../DayStrife/Content/TopDownCity/Houses/House1_03.uasset" 254
"../../../DayStrife/Content/Blueprints/Buildings/Building_Blacksmith.uasset" 255
"../../../DayStrife/Content/Blueprints/Resources/EnumResourceTypes.uasset" 256
"../../../DayStrife/Content/Blueprints/Pawns/AI_TDC/TDC_Blackboard.uasset" 257
"../../../DayStrife/Content/Mannequin/Animations/ThirdPerson_Jump.uasset" 258
"../../../DayStrife/Content/Mannequin/Animations/ThirdPersonJump_Loop.uasset" 259
"../../../DayStrife/Content/Mannequin/Animations/ThirdPersonJump_Start.uasset" 260
"../../../DayStrife/Content/Mannequin/Animations/ThirdPersonIdle.uasset" 261
"../../../DayStrife/Content/Mannequin/Animations/ThirdPersonRun.uasset" 262
"../../../DayStrife/Content/Mannequin/Animations/ThirdPersonWalk.uasset" 263
"../../../DayStrife/Content/Mannequin/Animations/ThirdPerson_IdleRun_2D.uasset" 264
"../../../DayStrife/Content/Mannequin/Animations/ThirdPerson_AnimBP.uasset" 265
"../../../Engine/Content/BasicShapes/BasicShapeMaterial.uasset" 266
"../../../DayStrife/Content/Materials/Textures/T_Brick_Clay_Old_D.uasset" 267
"../../../DayStrife/Content/Materials/Textures/T_Brick_Clay_Old_N.uasset" 268
"../../../DayStrife/Content/Materials/Textures/T_MacroVariation.uasset" 269
"../../../DayStrife/Content/Materials/Textures/T_Perlin_Noise_M.uasset" 270
"../../../DayStrife/Content/Materials/M_Brick_Clay_Old.uasset" 271
"../../../DayStrife/Content/Materials/Textures/T_CobbleStone_Rough_D.uasset" 272
"../../../DayStrife/Content/Materials/Textures/T_CobbleStone_Rough_N.uasset" 273
"../../../DayStrife/Content/Materials/Textures/T_Gradinet_01.uasset" 274
"../../../DayStrife/Content/Materials/Textures/T_Rock_Smooth_Granite_D.uasset" 275
"../../../DayStrife/Content/Materials/M_CobbleStone_Rough.uasset" 276
"../../../Engine/Content/BasicShapes/Cube.uasset" 277
"../../../DayStrife/Content/TopDownCity/Deco/Barrel1.uasset" 278
"../../../DayStrife/Content/TopDownCity/Deco/Bench.uasset" 279
"../../../DayStrife/Content/TopDownCity/Deco/Bucket.uasset" 280
"../../../DayStrife/Content/TopDownCity/Deco/Table.uasset" 281
"../../../DayStrife/Content/Blueprints/Buildings/Interiors/BaseInterior.uasset" 282
"../../../DayStrife/Content/Blueprints/Buildings/Interiors/Interior_Blacksmith.uasset" 283
"../../../DayStrife/Content/TopDownCity/Deco/Cargo1.uasset" 284
"../../../DayStrife/Content/Blueprints/Buildings/Interiors/Interior_Warehouse.uasset" 285
"../../../DayStrife/Content/Blueprints/Controllers/AIC.uasset" 286
"../../../DayStrife/Content/Blueprints/Controllers/Commandable.uasset" 287
"../../../DayStrife/Content/TopDownCity/Houses/House1_01.uasset" 288
"../../../DayStrife/Content/TopDownCity/Houses/House1_07.uasset" 289
"../../../DayStrife/Content/TopDownCity/Houses/House1_15.uasset" 290
"../../../DayStrife/Content/UMG/BaseBuildMenuBuilding.uasset" 291
"../../../DayStrife/Content/UMG/BuildMenu3d.uasset" 292
"../../../Engine/Content/EditorSounds/GamePreview/PossessPlayer.uasset" 293
"../../../Engine/Content/EditorSounds/GamePreview/PossessPlayer_Cue.uasset" 294
"../../../DayStrife/Content/Blueprints/Controllers/TopDownController.uasset" 295
"../../../DayStrife/Content/TopDownCity/Nature/Materials/M_Rocks.uasset" 296
"../../../DayStrife/Content/TopDownCity/Nature/Rock5.uasset" 297
"../../../DayStrife/Content/TopDownCity/Nature/Rock6.uasset" 298
"../../../DayStrife/Content/TopDownCity/Nature/Rock7.uasset" 299
"../../../DayStrife/Content/Blueprints/Resources/BaseRockSpawner.uasset" 300
"../../../DayStrife/Content/TopDownCity/Nature/Textures/Nature_atlas.uasset" 301
"../../../DayStrife/Content/TopDownCity/Nature/Textures/Nature_atlas_nmp.uasset" 302
"../../../DayStrife/Content/TopDownCity/Nature/Materials/M_Nature_Atlas.uasset" 303
"../../../DayStrife/Content/TopDownCity/Nature/Materials/M_TreeTrunk.uasset" 304
"../../../DayStrife/Content/TopDownCity/Nature/Tree1.uasset" 305
"../../../DayStrife/Content/TopDownCity/Nature/Tree2.uasset" 306
"../../../DayStrife/Content/TopDownCity/Nature/Tree3.uasset" 307
"../../../DayStrife/Content/Blueprints/Resources/BaseTreeSpawner.uasset" 308
"../../../DayStrife/Content/Blueprints/Resources/AIResourceCollisionSphere.uasset" 309
"../../../DayStrife/Content/Blueprints/Resources/BP_BaseResource.uasset" 310
"../../../DayStrife/Content/UMG/ProgressBar.uasset" 311
"../../../Engine/Content/Functions/Engine_MaterialFunctions02/Utility/BlendAngleCorrectedNormals.uasset" 312
"../../../Engine/Content/Functions/MaterialLayerFunctions/MatLayerBlend_NormalBlend.uasset" 313
"../../../Engine/Content/Functions/MaterialLayerFunctions/MatLayerBlend_Simple.uasset" 314
"../../../DayStrife/Content/Mannequin/Character/Materials/MaterialLayers/T_ML_Rubber_Blue_01_D.uasset" 315
"../../../DayStrife/Content/Mannequin/Character/Materials/MaterialLayers/T_ML_Rubber_Blue_01_N.uasset" 316
"../../../DayStrife/Content/Mannequin/Character/Materials/MaterialLayers/ML_GlossyBlack_Latex_UE4.uasset" 317
"../../../DayStrife/Content/Mannequin/Character/Materials/MaterialLayers/ML_Plastic_Shiny_Beige.uasset" 318
"../../../DayStrife/Content/Mannequin/Character/Textures/UE4_LOGO_CARD.uasset" 319
"../../../DayStrife/Content/Mannequin/Character/Materials/MaterialLayers/ML_Plastic_Shiny_Beige_LOGO.uasset" 320
"../../../DayStrife/Content/Mannequin/Character/Materials/MaterialLayers/T_ML_Aluminum01.uasset" 321
"../../../DayStrife/Content/Mannequin/Character/Materials/MaterialLayers/T_ML_Aluminum01_N.uasset" 322
"../../../DayStrife/Content/Mannequin/Character/Materials/MaterialLayers/ML_SoftMetal_UE4.uasset" 323
"../../../DayStrife/Content/Mannequin/Character/Textures/UE4_Mannequin__normals.uasset" 324
"../../../DayStrife/Content/Mannequin/Character/Textures/UE4_Mannequin_MAT_MASKA.uasset" 325
"../../../DayStrife/Content/Mannequin/Character/Materials/M_UE4Man_Body.uasset" 326
"../../../DayStrife/Content/Mannequin/Character/Textures/UE4Man_Logo_N.uasset" 327
"../../../DayStrife/Content/Mannequin/Character/Materials/M_UE4Man_ChestLogo.uasset" 328
"../../../DayStrife/Content/Mannequin/Character/Mesh/SK_Mannequin_PhysicsAsset.uasset" 329
"../../../DayStrife/Content/Mannequin/Character/Mesh/SK_Mannequin.uasset" 330
"../../../DayStrife/Content/Blueprints/Pawns/TopDownCharacter.uasset" 331
"../../../DayStrife/Content/Blueprints/Buildings/Building_Warehouse.uasset" 332
"../../../DayStrife/Content/Blueprints/Pawns/AI_TDC/TDC_AIController.uasset" 333
"../../../DayStrife/Content/Blueprints/Pawns/TDC_BT.uasset" 334
"../../../DayStrife/Content/Blueprints/Pawns/AI_TDC/Task_CheckWeight.uasset" 335
"../../../DayStrife/Content/Blueprints/Pawns/AI_TDC/Task_ChooseRandomLocationInRadius.uasset" 336
"../../../DayStrife/Content/Blueprints/Pawns/AI_TDC/Task_FindNearestWarehouse.uasset" 337
"../../../DayStrife/Content/Blueprints/Pawns/AI_TDC/Task_FindTask.uasset" 338
"../../../DayStrife/Content/Blueprints/Pawns/AI_TDC/Task_GatherResources.uasset" 339
"../../../DayStrife/Content/Blueprints/Pawns/AI_TDC/TDC_BehaviourTree.uasset" 340
"../../../DayStrife/Content/Blueprints/Buildings/Building_House1.uasset" 341
"../../../DayStrife/Content/Blueprints/Buildings/Building_Tower.uasset" 342
"../../../DayStrife/Content/Materials/Mat_red.uasset" 343
"../../../DayStrife/Content/Blueprints/Buildings/BaseGhostBuilding.uasset" 344
"../../../Engine/Content/MobileResources/HUD/AnalogHat.uasset" 345
"../../../DayStrife/Content/Blueprints/M_Cursor_Decal.uasset" 346
"../../../DayStrife/Content/Blueprints/Pawns/Pawn_Overseer.uasset" 347
"../../../Engine/Content/EngineSky/C_Sky_Cloud_Color.uasset" 348
"../../../Engine/Content/EngineSky/C_Sky_Horizon_Color.uasset" 349
"../../../Engine/Content/EngineSky/C_Sky_Zenith_Color.uasset" 350
"../../../Engine/Content/EngineSky/T_Sky_Blue.uasset" 351
"../../../Engine/Content/EngineSky/T_Sky_Clouds_M.uasset" 352
"../../../Engine/Content/EngineSky/T_Sky_Stars.uasset" 353
"../../../Engine/Content/EngineSky/M_Sky_Panning_Clouds2.uasset" 354
"../../../Engine/Content/EngineSky/SM_SkySphere.uasset" 355
"../../../Engine/Content/EngineSky/BP_Sky_Sphere.uasset" 356
"../../../DayStrife/Content/Blueprints/TopDownGameMode.uasset" 357
"../../../Engine/Content/Functions/Engine_MaterialFunctions02/ExampleContent/Textures/LowResBlurredNoise.uasset" 358
"../../../Engine/Content/Functions/Engine_MaterialFunctions02/ExampleContent/Textures/water_n.uasset" 359
"../../../DayStrife/Content/TopDownCity/Shared/Textures/Houses2.uasset" 360
"../../../DayStrife/Content/TopDownCity/Shared/Textures/Houses2_nmp.uasset" 361
"../../../DayStrife/Content/TopDownCity/Shared/Textures/Houses2Metalness.uasset" 362
"../../../DayStrife/Content/TopDownCity/Shared/Materials/M_Houses2.uasset" 363
"../../../DayStrife/Content/TopDownCity/Deco/Arch.uasset" 364
"../../../DayStrife/Content/TopDownCity/Deco/Barrel2.uasset" 365
"../../../DayStrife/Content/TopDownCity/Deco/Boat1.uasset" 366
"../../../DayStrife/Content/TopDownCity/Deco/Brazier.uasset" 367
"../../../DayStrife/Content/TopDownCity/Deco/Bridge1.uasset" 368
"../../../DayStrife/Content/TopDownCity/Deco/Bridge2.uasset" 369
"../../../DayStrife/Content/TopDownCity/Deco/Bridge3.uasset" 370
"../../../DayStrife/Content/TopDownCity/Deco/Bridge4.uasset" 371
"../../../DayStrife/Content/TopDownCity/Deco/Cargo2.uasset" 372
"../../../DayStrife/Content/TopDownCity/Deco/Cart.uasset" 373
"../../../DayStrife/Content/TopDownCity/Deco/Chimn.uasset" 374
"../../../DayStrife/Content/TopDownCity/Deco/Crane.uasset" 375
"../../../DayStrife/Content/TopDownCity/Deco/Crate1.uasset" 376
"../../../DayStrife/Content/TopDownCity/Deco/Crate2.uasset" 377
"../../../DayStrife/Content/TopDownCity/Deco/Crate3.uasset" 378
"../../../DayStrife/Content/TopDownCity/Deco/Dock1.uasset" 379
"../../../DayStrife/Content/TopDownCity/Deco/Dock2.uasset" 380
"../../../DayStrife/Content/TopDownCity/Deco/Fabric1.uasset" 381
"../../../DayStrife/Content/TopDownCity/Deco/Fabric2.uasset" 382
"../../../DayStrife/Content/TopDownCity/Deco/Fence1.uasset" 383
"../../../DayStrife/Content/TopDownCity/Deco/Fence2.uasset" 384
"../../../DayStrife/Content/TopDownCity/Deco/Fish1.uasset" 385
"../../../DayStrife/Content/TopDownCity/Deco/Fishnet1.uasset" 386
"../../../DayStrife/Content/TopDownCity/Deco/Fishnet2.uasset" 387
"../../../DayStrife/Content/TopDownCity/Deco/Flowers1A.uasset" 388
"../../../DayStrife/Content/TopDownCity/Deco/Flowers1B.uasset" 389
"../../../DayStrife/Content/TopDownCity/Deco/Flowers1C.uasset" 390
"../../../DayStrife/Content/TopDownCity/Deco/Flowers1D.uasset" 391
"../../../DayStrife/Content/TopDownCity/Deco/Food1.uasset" 392
"../../../DayStrife/Content/TopDownCity/Deco/Food2.uasset" 393
"../../../DayStrife/Content/TopDownCity/Deco/Food3.uasset" 394
"../../../DayStrife/Content/TopDownCity/Deco/Food4.uasset" 395
"../../../DayStrife/Content/TopDownCity/Deco/Gallery1.uasset" 396
"../../../DayStrife/Content/TopDownCity/Deco/Gallery2.uasset" 397
"../../../DayStrife/Content/TopDownCity/Deco/Garbage1.uasset" 398
"../../../DayStrife/Content/TopDownCity/Deco/Garbage2.uasset" 399
"../../../DayStrife/Content/TopDownCity/Deco/Garbage3.uasset" 400
"../../../DayStrife/Content/TopDownCity/Deco/Garbage4.uasset" 401
"../../../DayStrife/Content/TopDownCity/Deco/Ladder.uasset" 402
"../../../DayStrife/Content/TopDownCity/Deco/Lamp1.uasset" 403
"../../../DayStrife/Content/TopDownCity/Deco/Lamp2.uasset" 404
"../../../DayStrife/Content/TopDownCity/Deco/Pipe1.uasset" 405
"../../../DayStrife/Content/TopDownCity/Deco/Pipe2.uasset" 406
"../../../DayStrife/Content/TopDownCity/Deco/Pipe3.uasset" 407
"../../../DayStrife/Content/TopDownCity/Deco/Pipe4.uasset" 408
"../../../Engine/Content/Functions/Engine_MaterialFunctions01/WorldPositionOffset/SimpleGrassWind.uasset" 409
"../../../DayStrife/Content/TopDownCity/Nature/Materials/M_Water_Flow.uasset" 410
"../../../DayStrife/Content/TopDownCity/Deco/Pipe_water1.uasset" 411
"../../../DayStrife/Content/TopDownCity/Deco/Pole1.uasset" 412
"../../../DayStrife/Content/TopDownCity/Deco/Pole2.uasset" 413
"../../../DayStrife/Content/TopDownCity/Deco/Pole3.uasset" 414
"../../../DayStrife/Content/TopDownCity/Deco/Props1_Rope1.uasset" 415
"../../../DayStrife/Content/TopDownCity/Deco/Road_el1.uasset" 416
"../../../DayStrife/Content/TopDownCity/Deco/Road_el2.uasset" 417
"../../../DayStrife/Content/TopDownCity/Deco/Road_el3.uasset" 418
"../../../DayStrife/Content/TopDownCity/Deco/Road_el4.uasset" 419
"../../../DayStrife/Content/TopDownCity/Deco/Scaffold1.uasset" 420
"../../../DayStrife/Content/TopDownCity/Deco/Scaffold2.uasset" 421
"../../../DayStrife/Content/TopDownCity/Deco/Shed1.uasset" 422
"../../../DayStrife/Content/TopDownCity/Deco/Shed2.uasset" 423
"../../../DayStrife/Content/TopDownCity/Deco/Shed3.uasset" 424
"../../../DayStrife/Content/TopDownCity/Deco/Shed4.uasset" 425
"../../../DayStrife/Content/TopDownCity/Deco/Shed5.uasset" 426
"../../../DayStrife/Content/TopDownCity/Deco/Shed6_Fabric.uasset" 427
"../../../DayStrife/Content/TopDownCity/Deco/Shed7.uasset" 428
"../../../DayStrife/Content/TopDownCity/Deco/Stairs_El1.uasset" 429
"../../../DayStrife/Content/TopDownCity/Deco/Stairs_El2.uasset" 430
"../../../DayStrife/Content/TopDownCity/Deco/Stairs_El3.uasset" 431
"../../../DayStrife/Content/TopDownCity/Deco/Trough.uasset" 432
"../../../DayStrife/Content/TopDownCity/Deco/Trunk_Lumber.uasset" 433
"../../../DayStrife/Content/TopDownCity/Deco/Wallbig2_el5.uasset" 434
"../../../DayStrife/Content/TopDownCity/Deco/Well1.uasset" 435
"../../../DayStrife/Content/TopDownCity/Deco/Well2.uasset" 436
"../../../DayStrife/Content/TopDownCity/Deco/Wheel.uasset" 437
"../../../DayStrife/Content/TopDownCity/Deco/Wooden_Stairs1A.uasset" 438
"../../../DayStrife/Content/TopDownCity/Deco/Wooden_Stairs1B.uasset" 439
"../../../DayStrife/Content/TopDownCity/Deco/Wooden_Stairs2.uasset" 440
"../../../DayStrife/Content/TopDownCity/Houses/House1_02.uasset" 441
"../../../DayStrife/Content/TopDownCity/Houses/House1_04.uasset" 442
"../../../DayStrife/Content/TopDownCity/Houses/House1_05.uasset" 443
"../../../DayStrife/Content/TopDownCity/Houses/House1_06.uasset" 444
"../../../DayStrife/Content/TopDownCity/Houses/House1_08.uasset" 445
"../../../DayStrife/Content/TopDownCity/Houses/House1_09.uasset" 446
"../../../DayStrife/Content/TopDownCity/Houses/House1_10.uasset" 447
"../../../DayStrife/Content/TopDownCity/Houses/House1_11.uasset" 448
"../../../DayStrife/Content/TopDownCity/Houses/House1_12.uasset" 449
"../../../DayStrife/Content/TopDownCity/Houses/House1_13.uasset" 450
"../../../DayStrife/Content/TopDownCity/Houses/House1_14.uasset" 451
"../../../DayStrife/Content/TopDownCity/Houses/House1_16.uasset" 452
"../../../DayStrife/Content/TopDownCity/Houses/House1_17.uasset" 453
"../../../DayStrife/Content/TopDownCity/Houses/House1_18.uasset" 454
"../../../DayStrife/Content/TopDownCity/Houses/House1_19.uasset" 455
"../../../DayStrife/Content/TopDownCity/Houses/House2_01.uasset" 456
"../../../DayStrife/Content/TopDownCity/Houses/House2_02.uasset" 457
"../../../DayStrife/Content/TopDownCity/Houses/House2_03.uasset" 458
"../../../DayStrife/Content/TopDownCity/Houses/House2_04.uasset" 459
"../../../DayStrife/Content/TopDownCity/Houses/Lighthouse.uasset" 460
"../../../DayStrife/Content/TopDownCity/Houses/Outhouse1.uasset" 461
"../../../DayStrife/Content/TopDownCity/Houses/Outhouse2.uasset" 462
"../../../DayStrife/Content/TopDownCity/Houses/Outhouse3.uasset" 463
"../../../DayStrife/Content/TopDownCity/Houses/Outhouse4.uasset" 464
"../../../DayStrife/Content/TopDownCity/Houses/Outhouse5.uasset" 465
"../../../DayStrife/Content/TopDownCity/Nature/Rock2.uasset" 466
"../../../DayStrife/Content/TopDownCity/Nature/Rock3.uasset" 467
"../../../DayStrife/Content/TopDownCity/Nature/Rock4.uasset" 468
"../../../DayStrife/Content/TopDownCity/Nature/Textures/waterdrop.uasset" 469
"../../../DayStrife/Content/TopDownCity/Nature/Materials/waterdrops_mat.uasset" 470
"../../../DayStrife/Content/TopDownCity/Nature/waterdrops.uasset" 471
"../../../DayStrife/Content/TopDownCity/Walls/Edge_El1.uasset" 472
"../../../DayStrife/Content/TopDownCity/Walls/Edge_El1B.uasset" 473
"../../../DayStrife/Content/TopDownCity/Walls/Edge_El2.uasset" 474
"../../../DayStrife/Content/TopDownCity/Walls/Edge_El2B.uasset" 475
"../../../DayStrife/Content/TopDownCity/Walls/Edge_El3B.uasset" 476
"../../../DayStrife/Content/TopDownCity/Walls/Edge_El4.uasset" 477
"../../../DayStrife/Content/TopDownCity/Walls/Edge_El5.uasset" 478
"../../../DayStrife/Content/TopDownCity/Walls/Wall1_el1.uasset" 479
"../../../DayStrife/Content/TopDownCity/Walls/Wall1_el2.uasset" 480
"../../../DayStrife/Content/TopDownCity/Walls/Wall1_el3.uasset" 481
"../../../DayStrife/Content/TopDownCity/Walls/Wall1_el4.uasset" 482
"../../../DayStrife/Content/TopDownCity/Walls/Wall1_el5.uasset" 483
"../../../DayStrife/Content/TopDownCity/Walls/Wallbig1_el1.uasset" 484
"../../../DayStrife/Content/TopDownCity/Walls/Wallbig1_el2.uasset" 485
"../../../DayStrife/Content/TopDownCity/Walls/Wallbig1_el3.uasset" 486
"../../../DayStrife/Content/TopDownCity/Walls/Wallbig1_el4.uasset" 487
"../../../DayStrife/Content/TopDownCity/Walls/Wallbig1_gate.uasset" 488
"../../../DayStrife/Content/TopDownCity/Walls/Wallbig1_gatedoors.uasset" 489
"../../../DayStrife/Content/TopDownCity/Walls/Wallbig2_el1.uasset" 490
"../../../DayStrife/Content/TopDownCity/Walls/Wallbig2_el2.uasset" 491
"../../../DayStrife/Content/TopDownCity/Walls/Wallbig2_el3.uasset" 492
"../../../DayStrife/Content/TopDownCity/Walls/Wallbig2_el4.uasset" 493
"../../../DayStrife/Content/TopDownCity/Overview.umap" 494
"../../../DayStrife/Content/UMG/Text.uasset" 495
"../../../DayStrife/Content/Blueprints/Pawns/Pawn_VRBoat.uasset" 496
"../../../DayStrife/Content/QualityMenu/Blueprints/Util/qlogo01_64.uasset" 497
"../../../DayStrife/Content/QualityMenu/Blueprints/Util/qLogo.uasset" 498
"../../../DayStrife/Content/QualityMenu/Blueprints/GlobalPostProcessSettings.uasset" 499
"../../../DayStrife/Content/TopDownCity/Nature/BrokenStone_LayerInfo.uasset" 500
"../../../DayStrife/Content/TopDownCity/Nature/Dirt_LayerInfo.uasset" 501
"../../../DayStrife/Content/TopDownCity/Nature/Grass2_LayerInfo.uasset" 502
"../../../DayStrife/Content/TopDownCity/Nature/Grass_LayerInfo.uasset" 503
"../../../DayStrife/Content/TopDownCity/Nature/Stone_LayerInfo.uasset" 504
"../../../DayStrife/Content/TopDownCity/Nature/Tiled_LayerInfo.uasset" 505
"../../../Engine/Content/MaterialTemplates/Textures/T_Noise01.uasset" 506
"../../../DayStrife/Content/TopDownCity/Nature/Textures/Ground1.uasset" 507
"../../../DayStrife/Content/TopDownCity/Nature/Textures/Ground1_nmp.uasset" 508
"../../../DayStrife/Content/TopDownCity/Nature/Textures/Ground4.uasset" 509
"../../../DayStrife/Content/TopDownCity/Nature/Textures/Ground4_nmp.uasset" 510
"../../../DayStrife/Content/TopDownCity/Nature/Textures/Ground6.uasset" 511
"../../../DayStrife/Content/TopDownCity/Nature/Textures/Ground6_nmp.uasset" 512
"../../../DayStrife/Content/TopDownCity/Nature/Materials/M_Landscape_Nature.uasset" 513
"../../../Engine/Content/Functions/Engine_MaterialFunctions02/Fresnel_Function.uasset" 514
"../../../DayStrife/Content/TopDownCity/Nature/Textures/Waterfake1.uasset" 515
"../../../DayStrife/Content/TopDownCity/Nature/Materials/M_Water.uasset" 516
"../../../Engine/Content/EngineMaterials/DefaultPhysicalMaterial.uasset" 517
"../../../DayStrife/Content/Audio/Starter_Background_Cue.uasset" 518
"../../../DayStrife/Content/TopDownCity/Nature/Textures/Grass1.uasset" 519
"../../../DayStrife/Content/TopDownCity/Nature/Materials/Grass1_Mat.uasset" 520
"../../../DayStrife/Content/TopDownCity/Nature/GrassPatch.uasset" 521
"../../../DayStrife/Content/TopDownCity/Nature/Textures/Grass2.uasset" 522
"../../../DayStrife/Content/TopDownCity/Nature/Materials/Grass2_Mat.uasset" 523
"../../../DayStrife/Content/TopDownCity/Nature/GrassPatchB.uasset" 524
"../../../DayStrife/Content/TopDownCity/Nature/Textures/Grass3.uasset" 525
"../../../DayStrife/Content/TopDownCity/Nature/Materials/Grass3_Mat.uasset" 526
"../../../DayStrife/Content/TopDownCity/Nature/GrassPatchC.uasset" 527
"../../../DayStrife/Content/TopDownCity/Nature/Rock1.uasset" 528
"../../../DayStrife/Content/Maps/Isle.umap" 529
"../../../Engine/Content/EngineMaterials/DefaultNormal.uasset" 530
"../../../Engine/Content/Maps/Entry.umap" 531
"../../../DayStrife/Content/Maps/Mainmenu.umap" 532
"../../../DayStrife/Content/Geometry/Meshes/1M_Cube.uasset" 533
"../../../DayStrife/Content/Maps/TopDownExampleMap.umap" 534
"../../../DayStrife/Content/TopDownBP/Maps/TopDownExampleMap.umap" 535
"../../../Engine/Content/Functions/Engine_MaterialFunctions01/Density/ExponentialDensity.uasset" 536
"../../../Engine/Content/Functions/Engine_MaterialFunctions01/Gradient/RadialGradientExponential.uasset" 537
"../../../DayStrife/Content/TopDownCity/Shared/godray_beam.uasset" 538
"../../../Engine/Content/MapTemplates/lut/LUT_Afternoon.uasset" 539
"../../../DayStrife/Content/TopDownCity/Deco/Pier1.uasset" 540
"../../../DayStrife/Content/TopDownCity/Deco/Shed8.uasset" 541
"../../../DayStrife/Content/TopDownCity/Deco/Signboard3.uasset" 542
"../../../DayStrife/Content/TopDownCity/Deco/Signboard6.uasset" 543
"../../../DayStrife/Content/TopDownCity/Nature/Waterfake128x128.uasset" 544
"../../../DayStrife/Content/TopDownCity/Shared/godray.uasset" 545
"../../../DayStrife/Content/TopDownCity/Walls/Edge_El3.uasset" 546
"../../../DayStrife/Content/TopDownCity/Showcase.umap" 547
